<?xml version="1.0" encoding="UTF-8"?>
<!-- Generated by org.testng.reporters.JUnitXMLReporter -->
<testsuite ignored="3" hostname="kshitija1108" failures="0" tests="5" name="MixedTest" time="0.111" errors="0" timestamp="2023-12-23T00:23:31 IST">
  <testcase classname="testNGxmlUse.MyClass2" name="TC5" time="0.017"/>
  <testcase classname="testNGxmlUse.MyClass2" name="TC8" time="0.002"/>
  <testcase classname="testNGxmlUse.MyClass1" name="TC2" time="0.002"/>
  <testcase classname="testNGxmlUse.MyClass1" name="TC3" time="0.004"/>
  <testcase classname="testNGxmlUse.MyClass1" name="TC4" time="0.002"/>
  <testcase classname="testNGxmlUse.MyClass1" name="TC1" time="0.0">
    <ignored/>
  </testcase> <!-- TC1 -->
  <testcase classname="testNGxmlUse.MyClass2" name="TC7" time="0.0">
    <ignored/>
  </testcase> <!-- TC7 -->
  <testcase classname="testNGxmlUse.MyClass2" name="TC6" time="0.0">
    <ignored/>
  </testcase> <!-- TC6 -->
</testsuite> <!-- MixedTest -->
