<?xml version="1.0" encoding="UTF-8"?>
<!-- Generated by org.testng.reporters.JUnitXMLReporter -->
<testsuite ignored="2" hostname="kshitija1108" failures="0" tests="2" name="myTest" time="0.093" errors="0" timestamp="2023-12-22T23:19:42 IST">
  <testcase classname="testNGxmlUse.MyClass" name="TC1" time="0.015"/>
  <testcase classname="testNGxmlUse.MyClass" name="TC3" time="0.001"/>
  <testcase classname="testNGxmlUse.MyClass" name="TC2" time="0.0">
    <ignored/>
  </testcase> <!-- TC2 -->
  <testcase classname="testNGxmlUse.MyClass" name="TC4" time="0.0">
    <ignored/>
  </testcase> <!-- TC4 -->
</testsuite> <!-- myTest -->
