<?xml version="1.0" encoding="UTF-8"?>
<!-- Generated by org.testng.reporters.JUnitXMLReporter -->
<testsuite ignored="0" hostname="kshitija1108" failures="1" tests="1" name="TestFF" time="0.044" errors="0" timestamp="2023-12-30T21:59:34 IST">
  <testcase classname="crossBrowserTesting.CBTest" name="f" time="0.0">
    <failure type="org.testng.TestNGException" message="
Cannot inject @Test annotated Method [f] with [class java.lang.String].
For more information on native dependency injection please refer to https://testng.org/doc/documentation-main.html#native-dependency-injection">
      <![CDATA[org.testng.TestNGException: 
Cannot inject @Test annotated Method [f] with [class java.lang.String].
For more information on native dependency injection please refer to https://testng.org/doc/documentation-main.html#native-dependency-injection
at java.base/java.util.ArrayList.forEach(ArrayList.java:1511)
... Removed 26 stack frames]]>
    </failure>
  </testcase> <!-- f -->
</testsuite> <!-- TestFF -->
